1773379981.752598  vcan0  Tx  130  8  3C 00 00 00 00 00 00 00
1773379982.600260  vcan0  Tx  300  8  01 00 00 00 00 00 00 00
1773379982.752796  vcan0  Tx  130  8  27 00 00 00 00 00 00 00
1773379983.085087  vcan0  Tx  200  8  01 00 00 00 00 00 00 00
1773379983.753278  vcan0  Tx  130  8  0C 00 00 00 00 00 00 00
1773379984.753488  vcan0  Tx  130  8  33 00 00 00 00 00 00 00
1773379985.085312  vcan0  Tx  200  8  00 00 00 00 00 00 00 00
1773379985.600786  vcan0  Tx  300  8  00 00 00 00 00 00 00 00
1773379985.753972  vcan0  Tx  130  8  60 00 00 00 00 00 00 00
1773379986.754456  vcan0  Tx  130  8  78 00 00 00 00 00 00 00
1773379987.085533  vcan0  Tx  200  8  01 00 00 00 00 00 00 00
1773379987.754634  vcan0  Tx  130  8  72 00 00 00 00 00 00 00
1773379988.601346  vcan0  Tx  300  8  01 00 00 00 00 00 00 00
1773379988.755013  vcan0  Tx  130  8  6A 00 00 00 00 00 00 00
1773379989.086157  vcan0  Tx  200  8  01 00 00 00 00 00 00 00
1773379989.755203  vcan0  Tx  130  8  69 00 00 00 00 00 00 00
1773379990.755623  vcan0  Tx  130  8  6F 00 00 00 00 00 00 00
1773379991.086351  vcan0  Tx  200  8  00 00 00 00 00 00 00 00
1773379991.601584  vcan0  Tx  300  8  02 00 00 00 00 00 00 00
1773379991.755838  vcan0  Tx  130  8  53 00 00 00 00 00 00 00
1773379992.756345  vcan0  Tx  130  8  4B 00 00 00 00 00 00 00
1773379993.086822  vcan0  Tx  200  8  00 00 00 00 00 00 00 00
1773379993.756773  vcan0  Tx  130  8  14 00 00 00 00 00 00 00
1773379994.602090  vcan0  Tx  300  8  00 00 00 00 00 00 00 00
1773379994.757191  vcan0  Tx  130  8  3B 00 00 00 00 00 00 00
1773379995.087242  vcan0  Tx  200  8  00 00 00 00 00 00 00 00
1773379995.757381  vcan0  Tx  130  8  42 00 00 00 00 00 00 00
1773379996.757572  vcan0  Tx  130  8  69 00 00 00 00 00 00 00
1773379997.087436  vcan0  Tx  200  8  01 00 00 00 00 00 00 00
1773379997.602303  vcan0  Tx  300  8  00 00 00 00 00 00 00 00
1773379997.757756  vcan0  Tx  130  8  0D 00 00 00 00 00 00 00
1773379998.758176  vcan0  Tx  130  8  64 00 00 00 00 00 00 00
1773379999.087921  vcan0  Tx  200  8  00 00 00 00 00 00 00 00
1773379999.758352  vcan0  Tx  130  8  66 00 00 00 00 00 00 00
1773380000.602879  vcan0  Tx  300  8  02 00 00 00 00 00 00 00
1773380000.758536  vcan0  Tx  130  8  55 00 00 00 00 00 00 00
1773380001.088349  vcan0  Tx  200  8  00 00 00 00 00 00 00 00
1773380001.758743  vcan0  Tx  130  8  70 00 00 00 00 00 00 00
1773380002.758931  vcan0  Tx  130  8  3B 00 00 00 00 00 00 00
1773380003.088784  vcan0  Tx  200  8  01 00 00 00 00 00 00 00
1773380777.964443  vcan0  Tx  130  8  08 00 00 00 00 00 00 00
1773380778.155909  vcan0  Tx  300  8  02 00 00 00 00 00 00 00
1773380778.964639  vcan0  Tx  130  8  6C 00 00 00 00 00 00 00
1773380779.237591  vcan0  Tx  200  8  01 00 00 00 00 00 00 00
1773380779.964866  vcan0  Tx  130  8  36 00 00 00 00 00 00 00
1773380780.965051  vcan0  Tx  130  8  2E 00 00 00 00 00 00 00
1773380781.156260  vcan0  Tx  300  8  02 00 00 00 00 00 00 00
1773380781.237824  vcan0  Tx  200  8  00 00 00 00 00 00 00 00
1773380781.967289  vcan0  Tx  130  8  4A 00 00 00 00 00 00 00
1773380782.967536  vcan0  Tx  130  8  3B 00 00 00 00 00 00 00
1773380783.238823  vcan0  Tx  200  8  00 00 00 00 00 00 00 00
1773380783.967749  vcan0  Tx  130  8  02 00 00 00 00 00 00 00
1773380784.157052  vcan0  Tx  300  8  01 00 00 00 00 00 00 00
1773380784.967956  vcan0  Tx  130  8  44 00 00 00 00 00 00 00
1773380785.239036  vcan0  Tx  200  8  01 00 00 00 00 00 00 00
1773380785.968164  vcan0  Tx  130  8  6A 00 00 00 00 00 00 00
1773380786.968361  vcan0  Tx  130  8  3E 00 00 00 00 00 00 00
1773380787.157267  vcan0  Tx  300  8  02 00 00 00 00 00 00 00
1773380787.239567  vcan0  Tx  200  8  01 00 00 00 00 00 00 00
1773380787.968550  vcan0  Tx  130  8  62 00 00 00 00 00 00 00
1773380788.968733  vcan0  Tx  130  8  66 00 00 00 00 00 00 00
1773380789.239745  vcan0  Tx  200  8  01 00 00 00 00 00 00 00
1773380789.968910  vcan0  Tx  130  8  34 00 00 00 00 00 00 00
1773380790.157444  vcan0  Tx  300  8  01 00 00 00 00 00 00 00
1773380790.969091  vcan0  Tx  130  8  26 00 00 00 00 00 00 00
1773380791.239920  vcan0  Tx  200  8  01 00 00 00 00 00 00 00
1773380791.969297  vcan0  Tx  130  8  51 00 00 00 00 00 00 00
1773380792.969535  vcan0  Tx  130  8  45 00 00 00 00 00 00 00
1773380793.157650  vcan0  Tx  300  8  00 00 00 00 00 00 00 00
1773380793.240359  vcan0  Tx  200  8  00 00 00 00 00 00 00 00
1773380793.969743  vcan0  Tx  130  8  33 00 00 00 00 00 00 00
1773380794.969932  vcan0  Tx  130  8  4A 00 00 00 00 00 00 00
1773380795.240852  vcan0  Tx  200  8  00 00 00 00 00 00 00 00
1773380795.970119  vcan0  Tx  130  8  2F 00 00 00 00 00 00 00
1773380796.157837  vcan0  Tx  300  8  02 00 00 00 00 00 00 00
1773380796.970309  vcan0  Tx  130  8  24 00 00 00 00 00 00 00
1773380797.241296  vcan0  Tx  200  8  01 00 00 00 00 00 00 00
1773380797.970498  vcan0  Tx  130  8  44 00 00 00 00 00 00 00
1773380798.970687  vcan0  Tx  130  8  02 00 00 00 00 00 00 00
1773380799.158015  vcan0  Tx  300  8  02 00 00 00 00 00 00 00
1773380799.241731  vcan0  Tx  200  8  01 00 00 00 00 00 00 00
1773380799.970890  vcan0  Tx  130  8  31 00 00 00 00 00 00 00
